<?xml version="1.0" encoding="UTF-8"?>
<!-- Generated by org.testng.reporters.JUnitXMLReporter -->
<testsuite ignored="0" hostname="WSAMZN-0L7O9Q8V" failures="0" tests="2" name="Shopping Cart Program " time="0.053" errors="0" timestamp="2021-05-20T22:10:48 AEST">
  <testcase classname="shopping_cart.BrowserStack" name="@BeforeMethod SetUp" time="-1.621512648496E9">
    <failure type="org.testng.TestNGException" message="
Parameter &amp;apos;browser&amp;apos; is required by BeforeMethod on method SetUp but has not been marked @Optional or defined
in D:\Users\rohini_choudhary\eclipse-workspace\Rohini_usecase\TestNG.xml">
      <![CDATA[org.testng.TestNGException: 
Parameter 'browser' is required by BeforeMethod on method SetUp but has not been marked @Optional or defined
in D:\Users\rohini_choudhary\eclipse-workspace\Rohini_usecase\TestNG.xml
at org.testng.internal.Parameters.createParams(Parameters.java:270)
at org.testng.internal.Parameters.createParametersForMethod(Parameters.java:358)
at org.testng.internal.Parameters.createParameters(Parameters.java:700)
at org.testng.internal.Parameters.createConfigurationParameters(Parameters.java:168)
at org.testng.internal.ConfigInvoker.invokeConfigurations(ConfigInvoker.java:302)
at org.testng.internal.TestInvoker.runConfigMethods(TestInvoker.java:700)
at org.testng.internal.TestInvoker.invokeMethod(TestInvoker.java:527)
at org.testng.internal.TestInvoker.invokeTestMethod(TestInvoker.java:173)
at org.testng.internal.MethodRunner.runInSequence(MethodRunner.java:46)
at org.testng.internal.TestInvoker$MethodInvocationAgent.invoke(TestInvoker.java:824)
at org.testng.internal.TestInvoker.invokeTestMethods(TestInvoker.java:146)
at org.testng.internal.TestMethodWorker.invokeTestMethods(TestMethodWorker.java:146)
at org.testng.internal.TestMethodWorker.run(TestMethodWorker.java:128)
at java.base/java.util.ArrayList.forEach(ArrayList.java:1511)
at org.testng.TestRunner.privateRun(TestRunner.java:794)
at org.testng.TestRunner.run(TestRunner.java:596)
at org.testng.SuiteRunner.runTest(SuiteRunner.java:377)
at org.testng.SuiteRunner.access$000(SuiteRunner.java:28)
at org.testng.SuiteRunner$SuiteWorker.run(SuiteRunner.java:418)
at org.testng.internal.thread.ThreadUtil.lambda$execute$0(ThreadUtil.java:64)
at java.base/java.util.concurrent.FutureTask.run(FutureTask.java:264)
at java.base/java.util.concurrent.ThreadPoolExecutor.runWorker(ThreadPoolExecutor.java:1130)
at java.base/java.util.concurrent.ThreadPoolExecutor$Worker.run(ThreadPoolExecutor.java:630)
at java.base/java.lang.Thread.run(Thread.java:832)
]]>
    </failure>
  </testcase> <!-- @BeforeMethod SetUp -->
  <testcase classname="shopping_cart.BaseTest" name="@BeforeMethod urllaunch" time="-1.621512648507E9">
    <skipped/>
  </testcase> <!-- @BeforeMethod urllaunch -->
  <testcase classname="shopping_cart.BaseTest" name="@AfterMethod TearDown" time="-1.621512648514E9">
    <skipped/>
  </testcase> <!-- @AfterMethod TearDown -->
  <testcase classname="shopping_cart.BrowserStack" name="@BeforeMethod SetUp" time="-1.621512648516E9">
    <skipped/>
  </testcase> <!-- @BeforeMethod SetUp -->
  <testcase classname="shopping_cart.BaseTest" name="@BeforeMethod urllaunch" time="-1.621512648517E9">
    <skipped/>
  </testcase> <!-- @BeforeMethod urllaunch -->
  <testcase classname="shopping_cart.BaseTest" name="@AfterMethod TearDown" time="-1.62151264852E9">
    <skipped/>
  </testcase> <!-- @AfterMethod TearDown -->
  <testcase classname="shopping_cart.BaseTest" name="Scenario1" time="0.0">
    <skipped/>
  </testcase> <!-- Scenario1 -->
  <testcase classname="shopping_cart.BaseTest" name="Scenario2" time="0.0">
    <skipped/>
  </testcase> <!-- Scenario2 -->
</testsuite> <!-- Shopping Cart Program  -->
